2016-01-17 22:00:00,445 [Start Help Server] INFO  org.eclipse.jetty.util.log - Logging initialized @89764ms
2016-01-17 22:00:00,906 [Start Help Server] INFO  org.eclipse.jetty.server.Server - jetty-9.2.9.v20150224
2016-01-17 22:00:01,059 [Start Help Server] INFO  o.e.j.server.handler.ContextHandler - Started o.e.j.s.ServletContextHandler@2f90fe98{/help,null,AVAILABLE}
2016-01-17 22:00:01,093 [Start Help Server] INFO  o.e.jetty.server.ServerConnector - Started ServerConnector@4b745587{HTTP/1.1}{127.0.0.1:53703}
2016-01-17 22:00:01,093 [Start Help Server] INFO  org.eclipse.jetty.server.Server - Started @90416ms
2016-01-17 22:16:01,203 [Worker-20] INFO  o.e.m.c.i.l.LifecycleMappingFactory - Using org.eclipse.m2e.jdt.JarLifecycleMapping lifecycle mapping for MavenProject: com.team10.lab0:lab0:0.0.1-SNAPSHOT @ /Users/baiqizhang/CMU/Course/18842_DS/DSTeam10/lab0/pom.xml.
2016-01-17 22:16:02,041 [Worker-20] INFO  o.e.m.j.i.AbstractJavaProjectConfigurator - Adding source folder /lab0/src/main/java
2016-01-17 22:16:02,043 [Worker-20] INFO  o.e.m.j.i.AbstractJavaProjectConfigurator - Adding resource folder /lab0/src/main/resources
2016-01-17 22:16:02,044 [Worker-20] INFO  o.e.m.j.i.AbstractJavaProjectConfigurator - Adding source folder /lab0/src/test/java
2016-01-17 22:16:02,044 [Worker-20] INFO  o.e.m.j.i.AbstractJavaProjectConfigurator - Adding resource folder /lab0/src/test/resources
2016-01-17 22:16:03,882 [Worker-20] WARN  o.e.m.c.i.embedder.EclipseLogger - Using platform encoding (UTF-8 actually) to copy filtered resources, i.e. build is platform dependent!
2016-01-17 22:16:03,893 [Worker-20] INFO  o.e.m.c.i.embedder.EclipseLogger - Copying 0 resource
2016-01-17 22:16:03,897 [Worker-20] WARN  o.e.m.c.i.embedder.EclipseLogger - Using platform encoding (UTF-8 actually) to copy filtered resources, i.e. build is platform dependent!
2016-01-17 22:16:03,898 [Worker-20] INFO  o.e.m.c.i.embedder.EclipseLogger - Copying 0 resource
2016-01-17 22:18:30,544 [Worker-22] INFO  o.e.m.c.i.l.LifecycleMappingFactory - Using org.eclipse.m2e.jdt.JarLifecycleMapping lifecycle mapping for MavenProject: com.team10.lab0:lab0:0.0.1-SNAPSHOT @ /Users/baiqizhang/CMU/Course/18842_DS/DSTeam10/lab0/pom.xml.
2016-01-17 22:18:30,558 [Worker-22] WARN  o.e.m.c.i.embedder.EclipseLogger - The POM for org.yaml:snakeyaml:jar:1.17-SNAPSHOT is missing, no dependency information available
2016-01-17 22:18:30,800 [Worker-22] WARN  o.e.m.c.i.embedder.EclipseLogger - Using platform encoding (UTF-8 actually) to copy filtered resources, i.e. build is platform dependent!
2016-01-17 22:18:30,803 [Worker-22] INFO  o.e.m.c.i.embedder.EclipseLogger - Copying 0 resource
2016-01-17 22:18:30,804 [Worker-22] WARN  o.e.m.c.i.embedder.EclipseLogger - Using platform encoding (UTF-8 actually) to copy filtered resources, i.e. build is platform dependent!
2016-01-17 22:18:30,805 [Worker-22] INFO  o.e.m.c.i.embedder.EclipseLogger - Copying 0 resource
2016-01-17 22:18:48,317 [Worker-21] WARN  o.e.m.c.i.embedder.EclipseLogger - The POM for org.yaml:snakeyaml:jar:1.17-SNAPSHOT is missing, no dependency information available
2016-01-17 22:19:03,553 [main] INFO  o.e.m2e.actions.ExecutePomAction - Creating new launch configuration
2016-01-17 22:19:06,230 [Worker-21] INFO  o.e.m.i.launch.MavenLaunchDelegate - /Users/baiqizhang/CMU/Course/18842_DS/DSTeam10/lab0
2016-01-17 22:19:06,230 [Worker-21] INFO  o.e.m.i.launch.MavenLaunchDelegate -  mvn  -B 
2016-01-17 22:19:22,911 [Worker-26] INFO  o.e.m.i.launch.MavenLaunchDelegate - /Users/baiqizhang/CMU/Course/18842_DS/DSTeam10/lab0
2016-01-17 22:19:22,911 [Worker-26] INFO  o.e.m.i.launch.MavenLaunchDelegate -  mvn  -B clean
2016-01-17 22:19:25,035 [Worker-22] WARN  o.e.m.c.i.embedder.EclipseLogger - Using platform encoding (UTF-8 actually) to copy filtered resources, i.e. build is platform dependent!
2016-01-17 22:19:25,037 [Worker-22] INFO  o.e.m.c.i.embedder.EclipseLogger - Copying 0 resource
2016-01-17 22:19:25,038 [Worker-22] WARN  o.e.m.c.i.embedder.EclipseLogger - Using platform encoding (UTF-8 actually) to copy filtered resources, i.e. build is platform dependent!
2016-01-17 22:19:25,039 [Worker-22] INFO  o.e.m.c.i.embedder.EclipseLogger - Copying 0 resource
2016-01-17 22:22:32,662 [Worker-25] INFO  o.e.m.c.i.l.LifecycleMappingFactory - Using org.eclipse.m2e.jdt.JarLifecycleMapping lifecycle mapping for MavenProject: com.team10.lab0:lab0:0.0.1-SNAPSHOT @ /Users/baiqizhang/CMU/Course/18842_DS/DSTeam10/lab0/pom.xml.
2016-01-17 22:22:33,522 [Worker-25] INFO  o.e.m.c.i.e.AbstractTransferListenerAdapter - Downloading http://oss.sonatype.org/content/groups/public/org/yaml/snakeyaml/1.17-SNAPSHOT/maven-metadata.xml
2016-01-17 22:22:33,693 [Worker-25] INFO  o.e.m.c.i.e.AbstractTransferListenerAdapter - Downloaded http://oss.sonatype.org/content/groups/public/org/yaml/snakeyaml/1.17-SNAPSHOT/maven-metadata.xml
2016-01-17 22:22:33,875 [Worker-25] INFO  o.e.m.c.i.e.AbstractTransferListenerAdapter - Downloading http://oss.sonatype.org/content/groups/public/org/yaml/snakeyaml/1.17-SNAPSHOT/snakeyaml-1.17-20160107.164044-38.pom
2016-01-17 22:22:34,128 [Worker-25] INFO  o.e.m.c.i.e.AbstractTransferListenerAdapter - Downloaded http://oss.sonatype.org/content/groups/public/org/yaml/snakeyaml/1.17-SNAPSHOT/snakeyaml-1.17-20160107.164044-38.pom
2016-01-17 22:22:34,312 [Worker-25] INFO  o.e.m.c.i.e.AbstractTransferListenerAdapter - Downloading http://oss.sonatype.org/content/groups/public/org/yaml/snakeyaml/1.17-SNAPSHOT/snakeyaml-1.17-20160107.164044-38.jar
2016-01-17 22:22:34,875 [Worker-25] INFO  o.e.m.c.i.e.AbstractTransferListenerAdapter - Downloaded http://oss.sonatype.org/content/groups/public/org/yaml/snakeyaml/1.17-SNAPSHOT/snakeyaml-1.17-20160107.164044-38.jar
2016-01-17 22:22:35,101 [Worker-25] WARN  o.e.m.c.i.embedder.EclipseLogger - Using platform encoding (UTF-8 actually) to copy filtered resources, i.e. build is platform dependent!
2016-01-17 22:22:35,103 [Worker-25] INFO  o.e.m.c.i.embedder.EclipseLogger - Copying 0 resource
2016-01-17 22:22:35,105 [Worker-25] WARN  o.e.m.c.i.embedder.EclipseLogger - Using platform encoding (UTF-8 actually) to copy filtered resources, i.e. build is platform dependent!
2016-01-17 22:22:35,106 [Worker-25] INFO  o.e.m.c.i.embedder.EclipseLogger - Copying 0 resource
2016-01-17 22:22:36,392 [Worker-22] WARN  o.e.m.c.i.embedder.EclipseLogger - Using platform encoding (UTF-8 actually) to copy filtered resources, i.e. build is platform dependent!
2016-01-17 22:22:36,393 [Worker-22] INFO  o.e.m.c.i.embedder.EclipseLogger - Copying 0 resource
2016-01-17 22:22:36,394 [Worker-22] WARN  o.e.m.c.i.embedder.EclipseLogger - Using platform encoding (UTF-8 actually) to copy filtered resources, i.e. build is platform dependent!
2016-01-17 22:22:36,395 [Worker-22] INFO  o.e.m.c.i.embedder.EclipseLogger - Copying 0 resource
2016-01-17 22:22:40,744 [main] INFO  o.e.m2e.actions.ExecutePomAction - Using existing launch configuration
2016-01-17 22:22:57,774 [main] INFO  o.e.m2e.actions.ExecutePomAction - Creating new launch configuration
2016-01-17 22:23:03,730 [Worker-22] INFO  o.e.m.i.launch.MavenLaunchDelegate - /Users/baiqizhang/CMU/Course/18842_DS/DSTeam10/lab0
2016-01-17 22:23:03,730 [Worker-22] INFO  o.e.m.i.launch.MavenLaunchDelegate -  mvn  -B 
2016-01-17 22:23:52,115 [Worker-22] INFO  o.e.m.c.i.p.ProjectConfigurationManager - Update started
2016-01-17 22:23:52,432 [Worker-22] INFO  o.e.m.c.i.l.LifecycleMappingFactory - Using org.eclipse.m2e.jdt.JarLifecycleMapping lifecycle mapping for MavenProject: com.team10.lab0:lab0:0.0.1-SNAPSHOT @ /Users/baiqizhang/CMU/Course/18842_DS/DSTeam10/lab0/pom.xml.
2016-01-17 22:23:52,575 [Worker-22] INFO  o.e.m.j.i.AbstractJavaProjectConfigurator - Adding source folder /lab0/src/main/java
2016-01-17 22:23:52,575 [Worker-22] INFO  o.e.m.j.i.AbstractJavaProjectConfigurator - Adding resource folder /lab0/src/main/resources
2016-01-17 22:23:52,576 [Worker-22] INFO  o.e.m.j.i.AbstractJavaProjectConfigurator - Adding source folder /lab0/src/test/java
2016-01-17 22:23:52,576 [Worker-22] INFO  o.e.m.j.i.AbstractJavaProjectConfigurator - Adding resource folder /lab0/src/test/resources
2016-01-17 22:23:52,657 [Worker-22] INFO  o.e.m.c.i.p.ProjectConfigurationManager - Update completed: 0 sec
2016-01-17 22:23:52,790 [Worker-26] WARN  o.e.m.c.i.embedder.EclipseLogger - Using platform encoding (UTF-8 actually) to copy filtered resources, i.e. build is platform dependent!
2016-01-17 22:23:52,791 [Worker-26] INFO  o.e.m.c.i.embedder.EclipseLogger - Copying 0 resource
2016-01-17 22:23:52,793 [Worker-26] WARN  o.e.m.c.i.embedder.EclipseLogger - Using platform encoding (UTF-8 actually) to copy filtered resources, i.e. build is platform dependent!
2016-01-17 22:23:52,794 [Worker-26] INFO  o.e.m.c.i.embedder.EclipseLogger - Copying 0 resource
2016-01-17 22:24:28,074 [Worker-26] WARN  o.e.m.c.i.embedder.EclipseLogger - Using platform encoding (UTF-8 actually) to copy filtered resources, i.e. build is platform dependent!
2016-01-17 22:24:28,077 [Worker-26] INFO  o.e.m.c.i.embedder.EclipseLogger - Copying 0 resource
2016-01-17 22:24:28,079 [Worker-26] WARN  o.e.m.c.i.embedder.EclipseLogger - Using platform encoding (UTF-8 actually) to copy filtered resources, i.e. build is platform dependent!
2016-01-17 22:24:28,079 [Worker-26] INFO  o.e.m.c.i.embedder.EclipseLogger - Copying 0 resource
2016-01-17 22:24:29,102 [Worker-27] WARN  o.e.m.c.i.embedder.EclipseLogger - Using platform encoding (UTF-8 actually) to copy filtered resources, i.e. build is platform dependent!
2016-01-17 22:24:29,102 [Worker-27] INFO  o.e.m.c.i.embedder.EclipseLogger - Copying 0 resource
2016-01-17 22:24:29,103 [Worker-27] WARN  o.e.m.c.i.embedder.EclipseLogger - Using platform encoding (UTF-8 actually) to copy filtered resources, i.e. build is platform dependent!
2016-01-17 22:24:29,104 [Worker-27] INFO  o.e.m.c.i.embedder.EclipseLogger - Copying 0 resource
2016-01-17 22:24:46,006 [Worker-26] WARN  o.e.m.c.i.embedder.EclipseLogger - Using platform encoding (UTF-8 actually) to copy filtered resources, i.e. build is platform dependent!
2016-01-17 22:24:46,007 [Worker-26] INFO  o.e.m.c.i.embedder.EclipseLogger - Copying 0 resource
2016-01-17 22:24:46,008 [Worker-26] WARN  o.e.m.c.i.embedder.EclipseLogger - Using platform encoding (UTF-8 actually) to copy filtered resources, i.e. build is platform dependent!
2016-01-17 22:24:46,008 [Worker-26] INFO  o.e.m.c.i.embedder.EclipseLogger - Copying 0 resource
2016-01-17 22:24:48,159 [Worker-21] WARN  o.e.m.c.i.embedder.EclipseLogger - Using platform encoding (UTF-8 actually) to copy filtered resources, i.e. build is platform dependent!
2016-01-17 22:24:48,160 [Worker-21] INFO  o.e.m.c.i.embedder.EclipseLogger - Copying 0 resource
2016-01-17 22:24:48,161 [Worker-21] WARN  o.e.m.c.i.embedder.EclipseLogger - Using platform encoding (UTF-8 actually) to copy filtered resources, i.e. build is platform dependent!
2016-01-17 22:24:48,162 [Worker-21] INFO  o.e.m.c.i.embedder.EclipseLogger - Copying 0 resource
2016-01-17 22:25:17,900 [Worker-21] WARN  o.e.m.c.i.embedder.EclipseLogger - Using platform encoding (UTF-8 actually) to copy filtered resources, i.e. build is platform dependent!
2016-01-17 22:25:17,902 [Worker-21] INFO  o.e.m.c.i.embedder.EclipseLogger - Copying 0 resource
2016-01-17 22:25:17,903 [Worker-21] WARN  o.e.m.c.i.embedder.EclipseLogger - Using platform encoding (UTF-8 actually) to copy filtered resources, i.e. build is platform dependent!
2016-01-17 22:25:17,903 [Worker-21] INFO  o.e.m.c.i.embedder.EclipseLogger - Copying 0 resource
2016-01-17 22:25:21,989 [Worker-24] WARN  o.e.m.c.i.embedder.EclipseLogger - Using platform encoding (UTF-8 actually) to copy filtered resources, i.e. build is platform dependent!
2016-01-17 22:25:21,990 [Worker-24] INFO  o.e.m.c.i.embedder.EclipseLogger - Copying 0 resource
2016-01-17 22:25:21,991 [Worker-24] WARN  o.e.m.c.i.embedder.EclipseLogger - Using platform encoding (UTF-8 actually) to copy filtered resources, i.e. build is platform dependent!
2016-01-17 22:25:21,992 [Worker-24] INFO  o.e.m.c.i.embedder.EclipseLogger - Copying 0 resource
2016-01-17 22:25:24,075 [Worker-26] WARN  o.e.m.c.i.embedder.EclipseLogger - Using platform encoding (UTF-8 actually) to copy filtered resources, i.e. build is platform dependent!
2016-01-17 22:25:24,076 [Worker-26] INFO  o.e.m.c.i.embedder.EclipseLogger - Copying 0 resource
2016-01-17 22:25:24,079 [Worker-26] WARN  o.e.m.c.i.embedder.EclipseLogger - Using platform encoding (UTF-8 actually) to copy filtered resources, i.e. build is platform dependent!
2016-01-17 22:25:24,079 [Worker-26] INFO  o.e.m.c.i.embedder.EclipseLogger - Copying 0 resource
2016-01-17 22:25:46,544 [Worker-27] WARN  o.e.m.c.i.embedder.EclipseLogger - Using platform encoding (UTF-8 actually) to copy filtered resources, i.e. build is platform dependent!
2016-01-17 22:25:46,548 [Worker-27] INFO  o.e.m.c.i.embedder.EclipseLogger - Copying 0 resource
2016-01-17 22:25:46,550 [Worker-27] WARN  o.e.m.c.i.embedder.EclipseLogger - Using platform encoding (UTF-8 actually) to copy filtered resources, i.e. build is platform dependent!
2016-01-17 22:25:46,551 [Worker-27] INFO  o.e.m.c.i.embedder.EclipseLogger - Copying 0 resource
2016-01-17 22:27:33,809 [Worker-21] WARN  o.e.m.c.i.embedder.EclipseLogger - Using platform encoding (UTF-8 actually) to copy filtered resources, i.e. build is platform dependent!
2016-01-17 22:27:33,811 [Worker-21] INFO  o.e.m.c.i.embedder.EclipseLogger - Copying 0 resource
2016-01-17 22:27:33,813 [Worker-21] WARN  o.e.m.c.i.embedder.EclipseLogger - Using platform encoding (UTF-8 actually) to copy filtered resources, i.e. build is platform dependent!
2016-01-17 22:27:33,814 [Worker-21] INFO  o.e.m.c.i.embedder.EclipseLogger - Copying 0 resource
2016-01-17 22:27:40,612 [Worker-21] WARN  o.e.m.c.i.embedder.EclipseLogger - Using platform encoding (UTF-8 actually) to copy filtered resources, i.e. build is platform dependent!
2016-01-17 22:27:40,613 [Worker-21] INFO  o.e.m.c.i.embedder.EclipseLogger - Copying 0 resource
2016-01-17 22:27:40,615 [Worker-21] WARN  o.e.m.c.i.embedder.EclipseLogger - Using platform encoding (UTF-8 actually) to copy filtered resources, i.e. build is platform dependent!
2016-01-17 22:27:40,616 [Worker-21] INFO  o.e.m.c.i.embedder.EclipseLogger - Copying 0 resource
2016-01-17 22:28:04,050 [Worker-27] INFO  o.e.m.i.launch.MavenLaunchDelegate - /Users/baiqizhang/CMU/Course/18842_DS/DSTeam10/lab0
2016-01-17 22:28:04,050 [Worker-27] INFO  o.e.m.i.launch.MavenLaunchDelegate -  mvn  -B 
2016-01-17 22:28:15,804 [Worker-21] INFO  o.e.m.i.launch.MavenLaunchDelegate - /Users/baiqizhang/CMU/Course/18842_DS/DSTeam10/lab0
2016-01-17 22:28:15,805 [Worker-21] INFO  o.e.m.i.launch.MavenLaunchDelegate -  mvn  -B clean
2016-01-17 22:28:17,994 [Worker-21] WARN  o.e.m.c.i.embedder.EclipseLogger - Using platform encoding (UTF-8 actually) to copy filtered resources, i.e. build is platform dependent!
2016-01-17 22:28:17,996 [Worker-21] INFO  o.e.m.c.i.embedder.EclipseLogger - Copying 0 resource
2016-01-17 22:28:17,997 [Worker-21] WARN  o.e.m.c.i.embedder.EclipseLogger - Using platform encoding (UTF-8 actually) to copy filtered resources, i.e. build is platform dependent!
2016-01-17 22:28:17,997 [Worker-21] INFO  o.e.m.c.i.embedder.EclipseLogger - Copying 0 resource
2016-01-17 22:29:02,490 [Worker-27] WARN  o.e.m.c.i.embedder.EclipseLogger - Using platform encoding (UTF-8 actually) to copy filtered resources, i.e. build is platform dependent!
2016-01-17 22:29:02,492 [Worker-27] INFO  o.e.m.c.i.embedder.EclipseLogger - Copying 0 resource
2016-01-17 22:29:02,493 [Worker-27] WARN  o.e.m.c.i.embedder.EclipseLogger - Using platform encoding (UTF-8 actually) to copy filtered resources, i.e. build is platform dependent!
2016-01-17 22:29:02,494 [Worker-27] INFO  o.e.m.c.i.embedder.EclipseLogger - Copying 0 resource
2016-01-17 22:29:14,805 [Worker-24] WARN  o.e.m.c.i.embedder.EclipseLogger - Using platform encoding (UTF-8 actually) to copy filtered resources, i.e. build is platform dependent!
2016-01-17 22:29:14,806 [Worker-24] INFO  o.e.m.c.i.embedder.EclipseLogger - Copying 0 resource
2016-01-17 22:29:14,807 [Worker-24] WARN  o.e.m.c.i.embedder.EclipseLogger - Using platform encoding (UTF-8 actually) to copy filtered resources, i.e. build is platform dependent!
2016-01-17 22:29:14,807 [Worker-24] INFO  o.e.m.c.i.embedder.EclipseLogger - Copying 0 resource
2016-01-17 22:30:52,613 [Worker-29] WARN  o.e.m.c.i.embedder.EclipseLogger - Using platform encoding (UTF-8 actually) to copy filtered resources, i.e. build is platform dependent!
2016-01-17 22:30:52,615 [Worker-29] INFO  o.e.m.c.i.embedder.EclipseLogger - Copying 0 resource
2016-01-17 22:30:52,616 [Worker-29] WARN  o.e.m.c.i.embedder.EclipseLogger - Using platform encoding (UTF-8 actually) to copy filtered resources, i.e. build is platform dependent!
2016-01-17 22:30:52,617 [Worker-29] INFO  o.e.m.c.i.embedder.EclipseLogger - Copying 0 resource
2016-01-17 22:30:59,821 [Worker-21] WARN  o.e.m.c.i.embedder.EclipseLogger - Using platform encoding (UTF-8 actually) to copy filtered resources, i.e. build is platform dependent!
2016-01-17 22:30:59,822 [Worker-21] INFO  o.e.m.c.i.embedder.EclipseLogger - Copying 0 resource
2016-01-17 22:30:59,826 [Worker-21] WARN  o.e.m.c.i.embedder.EclipseLogger - Using platform encoding (UTF-8 actually) to copy filtered resources, i.e. build is platform dependent!
2016-01-17 22:30:59,827 [Worker-21] INFO  o.e.m.c.i.embedder.EclipseLogger - Copying 0 resource
2016-01-17 22:31:01,684 [Worker-24] WARN  o.e.m.c.i.embedder.EclipseLogger - Using platform encoding (UTF-8 actually) to copy filtered resources, i.e. build is platform dependent!
2016-01-17 22:31:01,687 [Worker-24] INFO  o.e.m.c.i.embedder.EclipseLogger - Copying 0 resource
2016-01-17 22:31:01,688 [Worker-24] WARN  o.e.m.c.i.embedder.EclipseLogger - Using platform encoding (UTF-8 actually) to copy filtered resources, i.e. build is platform dependent!
2016-01-17 22:31:01,689 [Worker-24] INFO  o.e.m.c.i.embedder.EclipseLogger - Copying 0 resource
2016-01-17 22:44:35,988 [Worker-30] WARN  o.e.m.c.i.embedder.EclipseLogger - Using platform encoding (UTF-8 actually) to copy filtered resources, i.e. build is platform dependent!
2016-01-17 22:44:35,990 [Worker-30] INFO  o.e.m.c.i.embedder.EclipseLogger - Copying 1 resource
2016-01-17 22:44:36,001 [Worker-30] WARN  o.e.m.c.i.embedder.EclipseLogger - Using platform encoding (UTF-8 actually) to copy filtered resources, i.e. build is platform dependent!
2016-01-17 22:44:36,002 [Worker-30] INFO  o.e.m.c.i.embedder.EclipseLogger - Copying 0 resource
2016-01-17 22:44:39,517 [Worker-21] WARN  o.e.m.c.i.embedder.EclipseLogger - Using platform encoding (UTF-8 actually) to copy filtered resources, i.e. build is platform dependent!
2016-01-17 22:44:39,518 [Worker-21] INFO  o.e.m.c.i.embedder.EclipseLogger - Copying 1 resource
2016-01-17 22:44:39,519 [Worker-21] WARN  o.e.m.c.i.embedder.EclipseLogger - Using platform encoding (UTF-8 actually) to copy filtered resources, i.e. build is platform dependent!
2016-01-17 22:44:39,521 [Worker-21] INFO  o.e.m.c.i.embedder.EclipseLogger - Copying 0 resource
2016-01-17 22:45:01,504 [Worker-29] WARN  o.e.m.c.i.embedder.EclipseLogger - Using platform encoding (UTF-8 actually) to copy filtered resources, i.e. build is platform dependent!
2016-01-17 22:45:01,505 [Worker-29] INFO  o.e.m.c.i.embedder.EclipseLogger - Copying 1 resource
2016-01-17 22:45:01,507 [Worker-29] WARN  o.e.m.c.i.embedder.EclipseLogger - Using platform encoding (UTF-8 actually) to copy filtered resources, i.e. build is platform dependent!
2016-01-17 22:45:01,508 [Worker-29] INFO  o.e.m.c.i.embedder.EclipseLogger - Copying 0 resource
2016-01-17 22:45:23,231 [Worker-21] WARN  o.e.m.c.i.embedder.EclipseLogger - Using platform encoding (UTF-8 actually) to copy filtered resources, i.e. build is platform dependent!
2016-01-17 22:45:23,232 [Worker-21] INFO  o.e.m.c.i.embedder.EclipseLogger - Copying 1 resource
2016-01-17 22:45:23,234 [Worker-21] WARN  o.e.m.c.i.embedder.EclipseLogger - Using platform encoding (UTF-8 actually) to copy filtered resources, i.e. build is platform dependent!
2016-01-17 22:45:23,234 [Worker-21] INFO  o.e.m.c.i.embedder.EclipseLogger - Copying 0 resource
2016-01-17 22:45:34,903 [Worker-33] WARN  o.e.m.c.i.embedder.EclipseLogger - Using platform encoding (UTF-8 actually) to copy filtered resources, i.e. build is platform dependent!
2016-01-17 22:45:34,904 [Worker-33] INFO  o.e.m.c.i.embedder.EclipseLogger - Copying 1 resource
2016-01-17 22:45:34,905 [Worker-33] WARN  o.e.m.c.i.embedder.EclipseLogger - Using platform encoding (UTF-8 actually) to copy filtered resources, i.e. build is platform dependent!
2016-01-17 22:45:34,906 [Worker-33] INFO  o.e.m.c.i.embedder.EclipseLogger - Copying 0 resource
2016-01-17 22:45:40,026 [Worker-33] WARN  o.e.m.c.i.embedder.EclipseLogger - Using platform encoding (UTF-8 actually) to copy filtered resources, i.e. build is platform dependent!
2016-01-17 22:45:40,027 [Worker-33] INFO  o.e.m.c.i.embedder.EclipseLogger - Copying 1 resource
2016-01-17 22:45:40,028 [Worker-33] WARN  o.e.m.c.i.embedder.EclipseLogger - Using platform encoding (UTF-8 actually) to copy filtered resources, i.e. build is platform dependent!
2016-01-17 22:45:40,029 [Worker-33] INFO  o.e.m.c.i.embedder.EclipseLogger - Copying 0 resource
2016-01-17 22:45:57,601 [Worker-21] WARN  o.e.m.c.i.embedder.EclipseLogger - Using platform encoding (UTF-8 actually) to copy filtered resources, i.e. build is platform dependent!
2016-01-17 22:45:57,602 [Worker-21] INFO  o.e.m.c.i.embedder.EclipseLogger - Copying 1 resource
2016-01-17 22:45:57,604 [Worker-21] WARN  o.e.m.c.i.embedder.EclipseLogger - Using platform encoding (UTF-8 actually) to copy filtered resources, i.e. build is platform dependent!
2016-01-17 22:45:57,605 [Worker-21] INFO  o.e.m.c.i.embedder.EclipseLogger - Copying 0 resource
